Arguments: 
  /usr/local/bin/node /usr/local/Cellar/yarn/1.21.1/libexec/bin/yarn.js

PATH: 
  /usr/local/bin:/usr/bin:/bin:/usr/sbin:/sbin:/Library/Apple/usr/bin:/Users/henriquelocal/.zplugin/polaris/bin

Yarn version: 
  1.21.1

Node version: 
  12.13.1

Platform: 
  darwin x64

Trace: 
  SyntaxError: /Users/henriquelocal/Downloads/Aircnc-backend-master/package.json: Unexpected token } in JSON at position 218
      at JSON.parse (<anonymous>)
      at /usr/local/Cellar/yarn/1.21.1/libexec/lib/cli.js:1625:59
      at Generator.next (<anonymous>)
      at step (/usr/local/Cellar/yarn/1.21.1/libexec/lib/cli.js:310:30)
      at /usr/local/Cellar/yarn/1.21.1/libexec/lib/cli.js:321:13

npm manifest: 
  {
    "name": "backend",
    "version": "1.0.0",
    "main": "index.js",
    "license": "MIT",
    "scripts": {
      "start": "nodemon src/server.js"
    },
    "dependencies": {
      "express": "^4.17.1",
      "mongoose": "^5.7.3",
    },
    "devDependencies": {
      "eslint": "^6.5.1",
      "eslint-config-airbnb-base": "^14.0.0",
      "eslint-plugin-import": "^2.18.2",
      "nodemon": "^1.19.3"
    }
  }

yarn manifest: 
  No manifest

Lockfile: 
  No lockfile
